#
# There is insufficient memory for the Java Runtime Environment to continue.
# Native memory allocation (mmap) failed to map 132120576 bytes. Error detail: G1 virtual space
# Possible reasons:
#   The system is out of physical RAM or swap space
#   This process is running with CompressedOops enabled, and the Java Heap may be blocking the growth of the native heap
# Possible solutions:
#   Reduce memory load on the system
#   Increase physical memory or swap space
#   Check if swap backing store is full
#   Decrease Java heap size (-Xmx/-Xms)
#   Decrease number of Java threads
#   Decrease Java thread stack sizes (-Xss)
#   Set larger code cache with -XX:ReservedCodeCacheSize=
#   JVM is running with Unscaled Compressed Oops mode in which the Java heap is
#     placed in the first 4GB address space. The Java Heap base address is the
#     maximum limit for the native heap growth. Please use -XX:HeapBaseMinAddress
#     to set the Java Heap base and to place the Java Heap above 4GB virtual address.
# This output file may be truncated or incomplete.
#
#  Out of Memory Error (os_windows.cpp:3618), pid=10108, tid=6904
#
# JRE version:  (17.0.16+8) (build )
# Java VM: OpenJDK 64-Bit Server VM (17.0.16+8-LTS, mixed mode, emulated-client, sharing, tiered, compressed oops, compressed class ptrs, g1 gc, windows-amd64)
# No core dump will be written. Minidumps are not enabled by default on client versions of Windows
#

---------------  S U M M A R Y ------------

Command Line: -XX:TieredStopAtLevel=1 -Dspring.output.ansi.enabled=always -Dcom.sun.management.jmxremote -Dspring.jmx.enabled=true -Dspring.liveBeansView.mbeanDomain -Dspring.application.admin.enabled=true -Dmanagement.endpoints.jmx.exposure.include=* -javaagent:D:\ideaIU\IntelliJ IDEA 2024.3.2.2\lib\idea_rt.jar=56469:D:\ideaIU\IntelliJ IDEA 2024.3.2.2\bin -Dfile.encoding=UTF-8 com.example.Recipe.RecipeApplication

Host: 11th Gen Intel(R) Core(TM) i3-1115G4 @ 3.00GHz, 4 cores, 7G,  Windows 11 , 64 bit Build 22621 (10.0.22621.5415)
Time: Tue Oct 14 15:27:45 2025  Windows 11 , 64 bit Build 22621 (10.0.22621.5415) elapsed time: 1.113839 seconds (0d 0h 0m 1s)

---------------  T H R E A D  ---------------

Current thread (0x00000264612fc5f0):  JavaThread "Unknown thread" [_thread_in_vm, id=6904, stack(0x0000007ec8e00000,0x0000007ec8f00000)]

Stack: [0x0000007ec8e00000,0x0000007ec8f00000]
Native frames: (J=compiled Java code, j=interpreted, Vv=VM code, C=native code)
V  [jvm.dll+0x681329]
V  [jvm.dll+0x838dda]
V  [jvm.dll+0x83a89e]
V  [jvm.dll+0x83af03]
V  [jvm.dll+0x2484af]
V  [jvm.dll+0x67e059]
V  [jvm.dll+0x672b2a]
V  [jvm.dll+0x30849b]
V  [jvm.dll+0x30f986]
V  [jvm.dll+0x35fcfe]
V  [jvm.dll+0x35ff3f]
V  [jvm.dll+0x2df44c]
V  [jvm.dll+0x2e03a4]
V  [jvm.dll+0x80a5cb]
V  [jvm.dll+0x36da71]
V  [jvm.dll+0x7e90b5]
V  [jvm.dll+0x3f175e]
V  [jvm.dll+0x3f32e1]
C  [jli.dll+0x52ab]
C  [ucrtbase.dll+0x29333]
C  [KERNEL32.DLL+0x1259d]
C  [ntdll.dll+0x5af78]


---------------  P R O C E S S  ---------------

Threads class SMR info:
_java_thread_list=0x00007ff8b56b8f18, length=0, elements={
}

Java Threads: ( => current thread )

Other Threads:
  0x0000026461355f60 GCTaskThread "GC Thread#0" [stack: 0x0000007ec8f00000,0x0000007ec9000000] [id=14912]
  0x0000026461366870 ConcurrentGCThread "G1 Main Marker" [stack: 0x0000007ec9000000,0x0000007ec9100000] [id=19300]
  0x0000026461367290 ConcurrentGCThread "G1 Conc#0" [stack: 0x0000007ec9100000,0x0000007ec9200000] [id=4068]

[error occurred during error reporting (printing all threads), id 0xc0000005, EXCEPTION_ACCESS_VIOLATION (0xc0000005) at pc=0x00007ff8b4e6fb87]

VM state: not at safepoint (not fully initialized)

VM Mutex/Monitor currently owned by a thread:  ([mutex/lock_event])
[0x00000264612f7f70] Heap_lock - owner thread: 0x00000264612fc5f0

Heap address: 0x0000000083200000, size: 1998 MB, Compressed Oops mode: 32-bit

CDS archive(s) mapped at: [0x0000000000000000-0x0000000000000000-0x0000000000000000), size 0, SharedBaseAddress: 0x0000000800000000, ArchiveRelocationMode: 1.
Narrow klass base: 0x0000000000000000, Narrow klass shift: 0, Narrow klass range: 0x0

GC Precious Log:
<Empty>

Heap:
 garbage-first heap   total 0K, used 0K [0x0000000083200000, 0x0000000100000000)
  region size 1024K, 0 young (0K), 0 survivors (0K)

[error occurred during error reporting (printing heap information), id 0xc0000005, EXCEPTION_ACCESS_VIOLATION (0xc0000005) at pc=0x00007ff8b525a529]

GC Heap History (0 events):
No events

Dll operation events (1 events):
Event: 0.881 Loaded shared library C:\Users\akmar\.jdks\corretto-17.0.16\bin\java.dll

Deoptimization events (0 events):
No events

Classes loaded (0 events):
No events

Classes unloaded (0 events):
No events

Classes redefined (0 events):
No events

Internal exceptions (0 events):
No events

VM Operations (0 events):
No events

Memory protections (0 events):
No events

Nmethod flushes (0 events):
No events

Events (0 events):
No events


Dynamic libraries:
0x00007ff678c10000 - 0x00007ff678c1e000 	C:\Users\akmar\.jdks\corretto-17.0.16\bin\java.exe
0x00007ff927610000 - 0x00007ff927827000 	C:\WINDOWS\SYSTEM32\ntdll.dll
0x00007ff9252a0000 - 0x00007ff925364000 	C:\WINDOWS\System32\KERNEL32.DLL
0x00007ff924e90000 - 0x00007ff925262000 	C:\WINDOWS\System32\KERNELBASE.dll
0x00007ff924d70000 - 0x00007ff924e81000 	C:\WINDOWS\System32\ucrtbase.dll
0x00007ff913e40000 - 0x00007ff913e57000 	C:\Users\akmar\.jdks\corretto-17.0.16\bin\jli.dll
0x00007ff913e60000 - 0x00007ff913e7b000 	C:\Users\akmar\.jdks\corretto-17.0.16\bin\VCRUNTIME140.dll
0x00007ff925ec0000 - 0x00007ff926071000 	C:\WINDOWS\System32\USER32.dll
0x00007ff924c20000 - 0x00007ff924c46000 	C:\WINDOWS\System32\win32u.dll
0x00007ff925d60000 - 0x00007ff925d89000 	C:\WINDOWS\System32\GDI32.dll
0x00007ff90a3f0000 - 0x00007ff90a68b000 	C:\WINDOWS\WinSxS\amd64_microsoft.windows.common-controls_6595b64144ccf1df_6.0.22621.5547_none_27104afb73855772\COMCTL32.dll
0x00007ff926790000 - 0x00007ff926837000 	C:\WINDOWS\System32\msvcrt.dll
0x00007ff924840000 - 0x00007ff924963000 	C:\WINDOWS\System32\gdi32full.dll
0x00007ff924c50000 - 0x00007ff924cea000 	C:\WINDOWS\System32\msvcp_win.dll
0x00007ff926550000 - 0x00007ff926581000 	C:\WINDOWS\System32\IMM32.DLL
0x00007ff913f80000 - 0x00007ff913f8c000 	C:\Users\akmar\.jdks\corretto-17.0.16\bin\vcruntime140_1.dll
0x00007ff8d2270000 - 0x00007ff8d22fd000 	C:\Users\akmar\.jdks\corretto-17.0.16\bin\msvcp140.dll
0x00007ff8b4b80000 - 0x00007ff8b57ec000 	C:\Users\akmar\.jdks\corretto-17.0.16\bin\server\jvm.dll
0x00007ff926080000 - 0x00007ff926131000 	C:\WINDOWS\System32\ADVAPI32.dll
0x00007ff925d90000 - 0x00007ff925e38000 	C:\WINDOWS\System32\sechost.dll
0x00007ff925270000 - 0x00007ff925298000 	C:\WINDOWS\System32\bcrypt.dll
0x00007ff9268b0000 - 0x00007ff9269c4000 	C:\WINDOWS\System32\RPCRT4.dll
0x00007ff925e40000 - 0x00007ff925eb1000 	C:\WINDOWS\System32\WS2_32.dll
0x00007ff923f70000 - 0x00007ff923fbd000 	C:\WINDOWS\SYSTEM32\POWRPROF.dll
0x00007ff922090000 - 0x00007ff9220c4000 	C:\WINDOWS\SYSTEM32\WINMM.dll
0x00007ff91cae0000 - 0x00007ff91caea000 	C:\WINDOWS\SYSTEM32\VERSION.dll
0x00007ff923f00000 - 0x00007ff923f13000 	C:\WINDOWS\SYSTEM32\UMPDC.dll
0x00007ff923700000 - 0x00007ff923718000 	C:\WINDOWS\SYSTEM32\kernel.appcore.dll
0x00007ff913430000 - 0x00007ff91343a000 	C:\Users\akmar\.jdks\corretto-17.0.16\bin\jimage.dll
0x00007ff921e30000 - 0x00007ff922063000 	C:\WINDOWS\SYSTEM32\DBGHELP.DLL
0x00007ff926140000 - 0x00007ff9264d3000 	C:\WINDOWS\System32\combase.dll
0x00007ff925980000 - 0x00007ff925a57000 	C:\WINDOWS\System32\OLEAUT32.dll
0x00007ff8ee3c0000 - 0x00007ff8ee3f2000 	C:\WINDOWS\SYSTEM32\dbgcore.DLL
0x00007ff924cf0000 - 0x00007ff924d6b000 	C:\WINDOWS\System32\bcryptPrimitives.dll
0x00007ff912fe0000 - 0x00007ff912fee000 	C:\Users\akmar\.jdks\corretto-17.0.16\bin\instrument.dll
0x00007ff913010000 - 0x00007ff913035000 	C:\Users\akmar\.jdks\corretto-17.0.16\bin\java.dll

dbghelp: loaded successfully - version: 4.0.5 - missing functions: none
symbol engine: initialized successfully - sym options: 0x614 - pdb path: .;C:\Users\akmar\.jdks\corretto-17.0.16\bin;C:\WINDOWS\SYSTEM32;C:\WINDOWS\WinSxS\amd64_microsoft.windows.common-controls_6595b64144ccf1df_6.0.22621.5547_none_27104afb73855772;C:\Users\akmar\.jdks\corretto-17.0.16\bin\server

VM Arguments:
jvm_args: -XX:TieredStopAtLevel=1 -Dspring.output.ansi.enabled=always -Dcom.sun.management.jmxremote -Dspring.jmx.enabled=true -Dspring.liveBeansView.mbeanDomain -Dspring.application.admin.enabled=true -Dmanagement.endpoints.jmx.exposure.include=* -javaagent:D:\ideaIU\IntelliJ IDEA 2024.3.2.2\lib\idea_rt.jar=56469:D:\ideaIU\IntelliJ IDEA 2024.3.2.2\bin -Dfile.encoding=UTF-8 
java_command: com.example.Recipe.RecipeApplication
java_class_path (initial): D:\recip\Recipe\build\classes\java\main;D:\recip\Recipe\build\resources\main;C:\Users\akmar\.gradle\caches\modules-2\files-2.1\org.projectlombok\lombok\1.18.40\398c6d2d7c42c96b65e78d2ddc9be0058c163453\lombok-1.18.40.jar;C:\Users\akmar\.gradle\caches\modules-2\files-2.1\org.mapstruct\mapstruct-processor\1.5.5.Final\897f6f115930b936287bef552bf5fe28cc64717d\mapstruct-processor-1.5.5.Final.jar;C:\Users\akmar\.gradle\caches\modules-2\files-2.1\org.springframework.boot\spring-boot-starter-data-jpa\3.5.6\ec77fd4b025ff3401e80be68a8a3dfbe45c7dcfa\spring-boot-starter-data-jpa-3.5.6.jar;C:\Users\akmar\.gradle\caches\modules-2\files-2.1\org.springframework.boot\spring-boot-starter-web\3.5.6\83d6174983b3d6649525a272222af212728a9892\spring-boot-starter-web-3.5.6.jar;C:\Users\akmar\.gradle\caches\modules-2\files-2.1\org.mapstruct\mapstruct\1.5.5.Final\2ca3cbe39b6e9ea8d5ea521965a89bef2a1e8eeb\mapstruct-1.5.5.Final.jar;C:\Users\akmar\.gradle\caches\modules-2\files-2.1\org.springframework.boot\spring-boot-starter-jdbc\3.5.6\812d2dc9a662d9ab640bea01b383e82d881fc586\spring-boot-starter-jdbc-3.5.6.jar;C:\Users\akmar\.gradle\caches\modules-2\files-2.1\org.springframework.boot\spring-boot-starter\3.5.6\2a2de314809a7c4c9b7303063c1313e03fe31ad3\spring-boot-starter-3.5.6.jar;C:\Users\akmar\.gradle\caches\modules-2\files-2.1\org.hibernate.orm\hibernate-core\6.6.29.Final\d12db68bb867e2fe6e68740b3fba3d1d633f77ff\hibernate-core-6.6.29.Final.jar;C:\Users\akmar\.gradle\caches\modules-2\files-2.1\org.springframework.data\spring-data-jpa\3.5.4\abd37141d1bd52283aac0d962d6efa1d4d72424b\spring-data-jpa-3.5.4.jar;C:\Users\akmar\.gradle\caches\modules-2\files-2.1\org.springframework\spring-aspects\6.2.11\e02d582f1595b101c7fa53778e91ddb71d62974e\spring-aspects-6.2.11.jar;C:\Users\akmar\.gradle\caches\modules-2\files-2.1\org.springframework.boot\spring-boot-starter-json\3.5.6\62143e29dbac1e72759da7dd85fb8f85a3d582f7\spring-boot-starter-json-3.5.6.jar;C:\Users\akmar\.gradle\cach
Launcher Type: SUN_STANDARD

[Global flags]
     intx CICompilerCount                          = 3                                         {product} {ergonomic}
     uint ConcGCThreads                            = 1                                         {product} {ergonomic}
     uint G1ConcRefinementThreads                  = 4                                         {product} {ergonomic}
   size_t G1HeapRegionSize                         = 1048576                                   {product} {ergonomic}
    uintx GCDrainStackTargetSize                   = 64                                        {product} {ergonomic}
   size_t InitialHeapSize                          = 132120576                                 {product} {ergonomic}
     bool ManagementServer                         = true                                      {product} {command line}
   size_t MarkStackSize                            = 4194304                                   {product} {ergonomic}
   size_t MaxHeapSize                              = 2095054848                                {product} {ergonomic}
   size_t MinHeapDeltaBytes                        = 1048576                                   {product} {ergonomic}
   size_t MinHeapSize                              = 8388608                                   {product} {ergonomic}
    uintx NonProfiledCodeHeapSize                  = 0                                      {pd product} {ergonomic}
     bool ProfileInterpreter                       = false                                  {pd product} {command line}
    uintx ProfiledCodeHeapSize                     = 0                                      {pd product} {ergonomic}
   size_t SoftMaxHeapSize                          = 2095054848                             {manageable} {ergonomic}
     intx TieredStopAtLevel                        = 1                                         {product} {command line}
     bool UseCompressedClassPointers               = true                           {product lp64_product} {ergonomic}
     bool UseCompressedOops                        = true                           {product lp64_product} {ergonomic}
     bool UseG1GC                                  = true                                      {product} {ergonomic}
     bool UseLargePagesIndividualAllocation        = false                                  {pd product} {ergonomic}

Logging:
Log output configuration:
 #0: stdout all=warning uptime,level,tags
 #1: stderr all=off uptime,level,tags

Environment Variables:
PATH=C:\Python39-64\Scripts\;C:\Python39-64\;C:\Windows\System32\HWAudioDriverLibs;C:\Windows\system32;C:\Windows;C:\Windows\System32\Wbem;C:\Windows\System32\WindowsPowerShell\v1.0\;C:\Windows\System32\OpenSSH\;C:\Users\Administrator\AppData\Local\Microsoft\WindowsApps;C:\WINDOWS\system32;C:\WINDOWS;C:\WINDOWS\System32\Wbem;C:\WINDOWS\System32\WindowsPowerShell\v1.0\;C:\WINDOWS\System32\OpenSSH\;C:\Users\akmar\AppData\Roaming\Microsoft\Windows\Start Menu\Programs\Python 3.12;C:\Users\akmar\AppData\Local\Programs\Python\Python313\Scripts\;C:\Users\akmar\AppData\Local\Programs\Python\Python313\;C:\Users\akmar\AppData\Local\Programs\Python\Launcher\;D:\postgr\pgAdmin 4\runtime;C:\Users\akmar\AppData\Local\Microsoft\WindowsApps;C:\Program Files\JetBrains\IntelliJ IDEA Community Edition 2023.3.3\bin;;C:\Program Files\JetBrains\PyCharm Community Edition 2023.3.3\bin;;D:\ideaIU\IntelliJ IDEA 2024.3.2.2\bin;;D:\idea\Microsoft VS Code\bin;D:\GoLand 2025.2.1\bin;D:\apache-maven-3.9.11-bin\apache-maven-3.9.11\bin;
USERNAME=akmar
OS=Windows_NT
PROCESSOR_IDENTIFIER=Intel64 Family 6 Model 140 Stepping 1, GenuineIntel
TMP=C:\Users\akmar\AppData\Local\Temp
TEMP=C:\Users\akmar\AppData\Local\Temp



Periodic native trim disabled


---------------  S Y S T E M  ---------------

OS:
 Windows 11 , 64 bit Build 22621 (10.0.22621.5415)
OS uptime: 2 days 3:23 hours
Hyper-V role detected

CPU: total 4 (initial active 4) (2 cores per cpu, 2 threads per core) family 6 model 140 stepping 1 microcode 0x8a, cx8, cmov, fxsr, ht, mmx, 3dnowpref, sse, sse2, sse3, ssse3, sse4.1, sse4.2, popcnt, lzcnt, tsc, tscinvbit, avx, avx2, aes, erms, clmul, bmi1, bmi2, adx, avx512f, avx512dq, avx512cd, avx512bw, avx512vl, sha, fma, vzeroupper, avx512_vpopcntdq, avx512_vpclmulqdq, avx512_vaes, avx512_vnni, clflush, clflushopt, clwb, avx512_vbmi2, avx512_vbmi, hv
Processor Information for all 4 processors :
  Max Mhz: 2995, Current Mhz: 2895, Mhz Limit: 2995

Memory: 4k page, system-wide physical 7991M (258M free)
TotalPageFile size 16179M (AvailPageFile size 121M)
current process WorkingSet (physical memory assigned to process): 11M, peak: 11M
current process commit charge ("private bytes"): 47M, peak: 173M

vm_info: OpenJDK 64-Bit Server VM (17.0.16+8-LTS) for windows-amd64 JRE (17.0.16+8-LTS), built on Jul  9 2025 19:25:12 by "Administrator" with MS VC++ 16.10 / 16.11 (VS2019)

END.
